# JRE version: OpenJDK Runtime Environment JBR-17.0.9+8-1166.2-nomod (17.0.9+8) (build 17.0.9+8-b1166.2)
# Java VM: OpenJDK 64-Bit Server VM JBR-17.0.9+8-1166.2-nomod (17.0.9+8-b1166.2, mixed mode, tiered, compressed oops, compressed class ptrs, g1 gc, windows-amd64)
GC Precious Log:
 CPUs: 8 total, 8 available
 Memory: 16160M
 Large Page Support: Disabled
 NUMA Support: Disabled
 Compressed Oops: Enabled (Zero based)
 Heap Region Size: 2M
 Heap Min Capacity: 8M
 Heap Initial Capacity: 254M
 Heap Max Capacity: 4042M
 Pre-touch: Disabled
 Parallel Workers: 8
 Concurrent Workers: 2
 Concurrent Refinement Workers: 8
 Periodic GC: Disabled
Heap:
 garbage-first heap   total 184320K, used 99542K [0x0000000703600000, 0x0000000800000000)
  region size 2048K, 14 young (28672K), 3 survivors (6144K)
 Metaspace       used 38138K, committed 38528K, reserved 1114112K
  class space    used 4217K, committed 4416K, reserved 1048576K
GC Heap History (20 events):
Event: 9.020 GC heap before
{Heap before GC invocations=18 (full 0):
 garbage-first heap   total 38912K, used 28188K [0x0000000703600000, 0x0000000800000000)
  region size 2048K, 5 young (10240K), 1 survivors (2048K)
 Metaspace       used 25924K, committed 26176K, reserved 1114112K
  class space    used 2809K, committed 2944K, reserved 1048576K
}
Event: 9.023 GC heap after
{Heap after GC invocations=19 (full 0):
 garbage-first heap   total 38912K, used 20780K [0x0000000703600000, 0x0000000800000000)
  region size 2048K, 1 young (2048K), 1 survivors (2048K)
 Metaspace       used 25924K, committed 26176K, reserved 1114112K
  class space    used 2809K, committed 2944K, reserved 1048576K
}
Event: 9.666 GC heap before
{Heap before GC invocations=20 (full 0):
 garbage-first heap   total 40960K, used 28972K [0x0000000703600000, 0x0000000800000000)
  region size 2048K, 5 young (10240K), 1 survivors (2048K)
 Metaspace       used 26042K, committed 26304K, reserved 1114112K
  class space    used 2817K, committed 2944K, reserved 1048576K
}
Event: 9.667 GC heap after
{Heap after GC invocations=21 (full 0):
 garbage-first heap   total 40960K, used 21027K [0x0000000703600000, 0x0000000800000000)
  region size 2048K, 1 young (2048K), 1 survivors (2048K)
 Metaspace       used 26042K, committed 26304K, reserved 1114112K
  class space    used 2817K, committed 2944K, reserved 1048576K
}
Event: 10.073 GC heap before
{Heap before GC invocations=21 (full 0):
 garbage-first heap   total 40960K, used 31267K [0x0000000703600000, 0x0000000800000000)
  region size 2048K, 6 young (12288K), 1 survivors (2048K)
 Metaspace       used 26668K, committed 26880K, reserved 1114112K
  class space    used 2909K, committed 3008K, reserved 1048576K
}
Event: 10.076 GC heap after
{Heap after GC invocations=22 (full 0):
 garbage-first heap   total 40960K, used 21559K [0x0000000703600000, 0x0000000800000000)
  region size 2048K, 1 young (2048K), 1 survivors (2048K)
 Metaspace       used 26668K, committed 26880K, reserved 1114112K
  class space    used 2909K, committed 3008K, reserved 1048576K
}
Event: 10.645 GC heap before
{Heap before GC invocations=23 (full 0):
 garbage-first heap   total 40960K, used 31799K [0x0000000703600000, 0x0000000800000000)
  region size 2048K, 6 young (12288K), 1 survivors (2048K)
 Metaspace       used 27300K, committed 27520K, reserved 1114112K
  class space    used 2964K, committed 3072K, reserved 1048576K
}
Event: 10.647 GC heap after
{Heap after GC invocations=24 (full 0):
 garbage-first heap   total 40960K, used 22192K [0x0000000703600000, 0x0000000800000000)
  region size 2048K, 1 young (2048K), 1 survivors (2048K)
 Metaspace       used 27300K, committed 27520K, reserved 1114112K
  class space    used 2964K, committed 3072K, reserved 1048576K
}
Event: 11.415 GC heap before
{Heap before GC invocations=24 (full 0):
 garbage-first heap   total 40960K, used 30384K [0x0000000703600000, 0x0000000800000000)
  region size 2048K, 5 young (10240K), 1 survivors (2048K)
 Metaspace       used 27460K, committed 27648K, reserved 1114112K
  class space    used 2968K, committed 3072K, reserved 1048576K
}
Event: 11.417 GC heap after
{Heap after GC invocations=25 (full 0):
 garbage-first heap   total 40960K, used 22613K [0x0000000703600000, 0x0000000800000000)
  region size 2048K, 1 young (2048K), 1 survivors (2048K)
 Metaspace       used 27460K, committed 27648K, reserved 1114112K
  class space    used 2968K, committed 3072K, reserved 1048576K
}
Event: 11.653 GC heap before
{Heap before GC invocations=26 (full 0):
 garbage-first heap   total 45056K, used 30805K [0x0000000703600000, 0x0000000800000000)
  region size 2048K, 5 young (10240K), 1 survivors (2048K)
 Metaspace       used 29005K, committed 29312K, reserved 1114112K
  class space    used 3149K, committed 3328K, reserved 1048576K
}
Event: 11.656 GC heap after
{Heap after GC invocations=27 (full 0):
 garbage-first heap   total 153600K, used 23022K [0x0000000703600000, 0x0000000800000000)
  region size 2048K, 1 young (2048K), 1 survivors (2048K)
 Metaspace       used 29005K, committed 29312K, reserved 1114112K
  class space    used 3149K, committed 3328K, reserved 1048576K
}
Event: 12.791 GC heap before
{Heap before GC invocations=27 (full 0):
 garbage-first heap   total 153600K, used 115182K [0x0000000703600000, 0x0000000800000000)
  region size 2048K, 45 young (92160K), 1 survivors (2048K)
 Metaspace       used 35631K, committed 35904K, reserved 1114112K
  class space    used 3957K, committed 4096K, reserved 1048576K
}
Event: 12.803 GC heap after
{Heap after GC invocations=28 (full 0):
 garbage-first heap   total 153600K, used 48367K [0x0000000703600000, 0x0000000800000000)
  region size 2048K, 6 young (12288K), 6 survivors (12288K)
 Metaspace       used 35631K, committed 35904K, reserved 1114112K
  class space    used 3957K, committed 4096K, reserved 1048576K
}
Event: 13.464 GC heap before
{Heap before GC invocations=28 (full 0):
 garbage-first heap   total 153600K, used 93423K [0x0000000703600000, 0x0000000800000000)
  region size 2048K, 29 young (59392K), 6 survivors (12288K)
 Metaspace       used 37483K, committed 37824K, reserved 1114112K
  class space    used 4205K, committed 4416K, reserved 1048576K
}
Event: 13.476 GC heap after
{Heap after GC invocations=29 (full 0):
 garbage-first heap   total 153600K, used 49577K [0x0000000703600000, 0x0000000800000000)
  region size 2048K, 4 young (8192K), 4 survivors (8192K)
 Metaspace       used 37483K, committed 37824K, reserved 1114112K
  class space    used 4205K, committed 4416K, reserved 1048576K
}
Event: 13.990 GC heap before
{Heap before GC invocations=29 (full 0):
 garbage-first heap   total 153600K, used 98729K [0x0000000703600000, 0x0000000800000000)
  region size 2048K, 28 young (57344K), 4 survivors (8192K)
 Metaspace       used 37574K, committed 37952K, reserved 1114112K
  class space    used 4205K, committed 4416K, reserved 1048576K
}
Event: 14.000 GC heap after
{Heap after GC invocations=30 (full 0):
 garbage-first heap   total 153600K, used 68252K [0x0000000703600000, 0x0000000800000000)
  region size 2048K, 4 young (8192K), 4 survivors (8192K)
 Metaspace       used 37574K, committed 37952K, reserved 1114112K
  class space    used 4205K, committed 4416K, reserved 1048576K
}
Event: 14.387 GC heap before
{Heap before GC invocations=30 (full 0):
 garbage-first heap   total 153600K, used 103068K [0x0000000703600000, 0x0000000800000000)
  region size 2048K, 22 young (45056K), 4 survivors (8192K)
 Metaspace       used 37698K, committed 38016K, reserved 1114112K
  class space    used 4208K, committed 4416K, reserved 1048576K
}
Event: 14.395 GC heap after
{Heap after GC invocations=31 (full 0):
 garbage-first heap   total 184320K, used 79062K [0x0000000703600000, 0x0000000800000000)
  region size 2048K, 3 young (6144K), 3 survivors (6144K)
 Metaspace       used 37698K, committed 38016K, reserved 1114112K
  class space    used 4208K, committed 4416K, reserved 1048576K
}

